------------------------------------------------------------------------------------------------------------------------

[2020-10-19 17:40:43 #1 store] 
Database 'D:\eclipseWorkspace\MavenBetAndRuin\resources\bets.temp' is opened by 9684@DESKTOP-R59AO6Q

[2020-10-19 17:40:43 #2 store] 
Configuration path: ?

[2020-10-19 17:40:43 #3 type] 
Type domain.Question is not enhanced.

[2020-10-19 17:40:43 #4 type] 
Type domain.Event is not enhanced.

[2020-10-19 17:40:43 #5 type] 
Type domain.Prediction is not enhanced.

[2020-10-19 17:40:43 #6 type] 
Type domain.Competition is not enhanced.

------------------------------------------------------------------------------------------------------------------------

[2020-10-19 17:40:43 #1 store] 
Database 'D:\eclipseWorkspace\MavenBetAndRuin\resources\bets.temp' is opened by 10956@DESKTOP-R59AO6Q

[2020-10-19 17:40:43 #2 store] 
Configuration path: ?

[2020-10-19 17:40:43 #3 type] 
Type domain.Question is not enhanced.

[2020-10-19 17:40:43 #4 type] 
Type domain.Event is not enhanced.

[2020-10-19 17:40:43 #5 type] 
Type domain.Prediction is not enhanced.

[2020-10-19 17:40:43 #6 type] 
Type domain.Competition is not enhanced.

------------------------------------------------------------------------------------------------------------------------

[2020-10-19 17:40:47 #1 store] 
Database 'D:\eclipseWorkspace\MavenBetAndRuin\resources\bets.temp' is opened by 4284@DESKTOP-R59AO6Q

[2020-10-19 17:40:47 #2 store] 
Configuration path: ?

[2020-10-19 17:40:47 #3 type] 
Type domain.Question is not enhanced.

[2020-10-19 17:40:47 #4 type] 
Type domain.Event is not enhanced.

[2020-10-19 17:40:47 #5 type] 
Type domain.Prediction is not enhanced.

[2020-10-19 17:40:47 #6 type] 
Type domain.Competition is not enhanced.

------------------------------------------------------------------------------------------------------------------------

[2020-10-19 17:40:47 #1 store] 
Database 'D:\eclipseWorkspace\MavenBetAndRuin\resources\bets.temp' is opened by 11944@DESKTOP-R59AO6Q

[2020-10-19 17:40:47 #2 store] 
Configuration path: ?

[2020-10-19 17:40:47 #3 type] 
Type domain.Question is not enhanced.

[2020-10-19 17:40:47 #4 type] 
Type domain.Event is not enhanced.

[2020-10-19 17:40:47 #5 type] 
Type domain.Prediction is not enhanced.

[2020-10-19 17:40:47 #6 type] 
Type domain.Competition is not enhanced.

------------------------------------------------------------------------------------------------------------------------

[2020-10-19 17:41:46 #1 store] 
Database 'D:\eclipseWorkspace\MavenBetAndRuin\resources\bets.temp' is opened by 3772@DESKTOP-R59AO6Q

[2020-10-19 17:41:46 #2 store] 
Configuration path: ?

[2020-10-19 17:41:46 #3 type] 
Type domain.Question is not enhanced.

[2020-10-19 17:41:46 #4 type] 
Type domain.Event is not enhanced.

[2020-10-19 17:41:46 #5 type] 
Type domain.Prediction is not enhanced.

[2020-10-19 17:41:46 #6 type] 
Type domain.Competition is not enhanced.

------------------------------------------------------------------------------------------------------------------------

[2020-10-19 17:41:46 #1 store] 
Database 'D:\eclipseWorkspace\MavenBetAndRuin\resources\bets.temp' is opened by 7788@DESKTOP-R59AO6Q

[2020-10-19 17:41:46 #2 store] 
Configuration path: ?

[2020-10-19 17:41:46 #3 type] 
Type domain.Question is not enhanced.

[2020-10-19 17:41:46 #4 type] 
Type domain.Event is not enhanced.

[2020-10-19 17:41:46 #5 type] 
Type domain.Prediction is not enhanced.

[2020-10-19 17:41:46 #6 type] 
Type domain.Competition is not enhanced.

------------------------------------------------------------------------------------------------------------------------

[2020-10-19 18:23:41 #1 store] 
Database 'D:\eclipseWorkspace\BetAndRuinMave\resources\bets.temp' is opened by 6064@DESKTOP-R59AO6Q

[2020-10-19 18:23:41 #2 store] 
Configuration path: ?

[2020-10-19 18:23:41 #3 type] 
Type domain.Event is not enhanced.

[2020-10-19 18:23:41 #4 type] 
Type domain.Question is not enhanced.

[2020-10-19 18:23:41 #5 type] 
Type domain.Competition is not enhanced.

[2020-10-19 18:23:41 #6 type] 
Type domain.Prediction is not enhanced.

[2020-10-19 18:23:45 #7 type] 
Type domain.User is not enhanced.

[2020-10-19 18:23:45 #8 type] 
Type domain.CreditCard is not enhanced.

[2020-10-19 18:23:45 #9 type] 
Type domain.Bet is not enhanced.

[2020-10-19 18:23:45 #10 type] 
Type domain.Profile is not enhanced.

------------------------------------------------------------------------------------------------------------------------

[2020-10-19 18:27:21 #1 store] 
Database 'D:\eclipseWorkspace\BetAndRuinMave\resources\bets.temp' is opened by 11168@DESKTOP-R59AO6Q

[2020-10-19 18:27:21 #2 store] 
Configuration path: ?

[2020-10-19 18:27:21 #3 type] 
Type domain.Event is not enhanced.

[2020-10-19 18:27:21 #4 type] 
Type domain.Question is not enhanced.

[2020-10-19 18:27:21 #5 type] 
Type domain.Competition is not enhanced.

[2020-10-19 18:27:21 #6 type] 
Type domain.Prediction is not enhanced.

[2020-10-19 18:27:25 #7 type] 
Type domain.User is not enhanced.

[2020-10-19 18:27:25 #8 type] 
Type domain.CreditCard is not enhanced.

[2020-10-19 18:27:25 #9 type] 
Type domain.Bet is not enhanced.

[2020-10-19 18:27:25 #10 type] 
Type domain.Profile is not enhanced.

[2020-10-19 18:27:39 #11 type] 
Type domain.FeedbackRecord is not enhanced.

[2020-10-19 18:27:39 #12 type] 
Type domain.Feedback is not enhanced.

------------------------------------------------------------------------------------------------------------------------

[2020-10-19 18:28:13 #1 store] 
Database 'D:\eclipseWorkspace\BetAndRuinMave\resources\bets.temp' is opened by 16116@DESKTOP-R59AO6Q

[2020-10-19 18:28:13 #2 store] 
Configuration path: ?

[2020-10-19 18:28:13 #3 type] 
Type domain.Question is not enhanced.

[2020-10-19 18:28:13 #4 type] 
Type domain.Event is not enhanced.

[2020-10-19 18:28:13 #5 type] 
Type domain.Prediction is not enhanced.

[2020-10-19 18:28:13 #6 type] 
Type domain.Competition is not enhanced.

------------------------------------------------------------------------------------------------------------------------

[2020-10-19 18:36:22 #1 store] 
Database 'D:\eclipseWorkspace\BetAndRuinMave\resources\bets.temp' has been recovered (tr. 1-3)

[2020-10-19 18:36:22 #2 store] 
Database 'D:\eclipseWorkspace\BetAndRuinMave\resources\bets.temp' is opened by 500@DESKTOP-R59AO6Q

[2020-10-19 18:36:22 #3 store] 
Configuration path: ?

[2020-10-19 18:36:22 #4 type] 
Type domain.Question is not enhanced.

[2020-10-19 18:36:22 #5 type] 
Type domain.Event is not enhanced.

[2020-10-19 18:36:22 #6 type] 
Type domain.Prediction is not enhanced.

[2020-10-19 18:36:22 #7 type] 
Type domain.Competition is not enhanced.

------------------------------------------------------------------------------------------------------------------------

[2020-10-19 18:36:28 #1 store] 
Database 'D:\eclipseWorkspace\BetAndRuinMave\resources\bets.temp' has been recovered (tr. 4-12)

[2020-10-19 18:36:28 #2 store] 
Database 'D:\eclipseWorkspace\BetAndRuinMave\resources\bets.temp' is opened by 15696@DESKTOP-R59AO6Q

[2020-10-19 18:36:28 #3 store] 
Configuration path: ?

[2020-10-19 18:36:28 #4 type] 
Type domain.Question is not enhanced.

[2020-10-19 18:36:28 #5 type] 
Type domain.Event is not enhanced.

[2020-10-19 18:36:28 #6 type] 
Type domain.Prediction is not enhanced.

[2020-10-19 18:36:28 #7 type] 
Type domain.Competition is not enhanced.

------------------------------------------------------------------------------------------------------------------------

[2020-10-19 18:41:42 #1 store] 
Database 'D:\eclipseWorkspace\BetAndRuinMave\resources\bets.temp' has been recovered (tr. 13-18)

[2020-10-19 18:41:43 #2 store] 
Database 'D:\eclipseWorkspace\BetAndRuinMave\resources\bets.temp' is opened by 3212@DESKTOP-R59AO6Q

[2020-10-19 18:41:43 #3 store] 
Configuration path: ?

[2020-10-19 18:41:43 #4 type] 
Type domain.Question is not enhanced.

[2020-10-19 18:41:43 #5 type] 
Type domain.Event is not enhanced.

[2020-10-19 18:41:43 #6 type] 
Type domain.Prediction is not enhanced.

[2020-10-19 18:41:43 #7 type] 
Type domain.Competition is not enhanced.

------------------------------------------------------------------------------------------------------------------------

[2020-10-19 18:41:56 #1 store] 
Database 'D:\eclipseWorkspace\BetAndRuinMave\resources\bets.temp' has been recovered (tr. 19-24)

[2020-10-19 18:41:56 #2 store] 
Database 'D:\eclipseWorkspace\BetAndRuinMave\resources\bets.temp' is opened by 1336@DESKTOP-R59AO6Q

[2020-10-19 18:41:56 #3 store] 
Configuration path: ?

[2020-10-19 18:41:56 #4 type] 
Type domain.Question is not enhanced.

[2020-10-19 18:41:56 #5 type] 
Type domain.Event is not enhanced.

[2020-10-19 18:41:56 #6 type] 
Type domain.Prediction is not enhanced.

[2020-10-19 18:41:56 #7 type] 
Type domain.Competition is not enhanced.

------------------------------------------------------------------------------------------------------------------------

[2020-10-19 18:48:59 #1 store] 
Database 'D:\eclipseWorkspace\BetAndRuinMave\resources\bets.temp' has been recovered (tr. 25-30)

[2020-10-19 18:48:59 #2 store] 
Database 'D:\eclipseWorkspace\BetAndRuinMave\resources\bets.temp' is opened by 15264@DESKTOP-R59AO6Q

[2020-10-19 18:48:59 #3 store] 
Configuration path: ?

[2020-10-19 18:48:59 #4 type] 
Type domain.Question is not enhanced.

[2020-10-19 18:49:00 #5 type] 
Type domain.Event is not enhanced.

[2020-10-19 18:49:00 #6 type] 
Type domain.Prediction is not enhanced.

[2020-10-19 18:49:00 #7 type] 
Type domain.Competition is not enhanced.

------------------------------------------------------------------------------------------------------------------------

[2020-10-19 19:01:43 #1 store] 
Database 'D:\eclipseWorkspace\BetAndRuinMave\resources\bets.temp' is opened by 9832@DESKTOP-R59AO6Q

[2020-10-19 19:01:43 #2 store] 
Configuration path: ?

[2020-10-19 19:01:43 #3 type] 
Type domain.Question is not enhanced.

[2020-10-19 19:01:43 #4 type] 
Type domain.Event is not enhanced.

[2020-10-19 19:01:43 #5 type] 
Type domain.Prediction is not enhanced.

[2020-10-19 19:01:43 #6 type] 
Type domain.Competition is not enhanced.

------------------------------------------------------------------------------------------------------------------------

[2020-10-19 19:02:00 #1 store] 
Database 'D:\eclipseWorkspace\BetAndRuinMave\resources\bets.temp' has been recovered (tr. 31-36)

[2020-10-19 19:02:00 #2 store] 
Database 'D:\eclipseWorkspace\BetAndRuinMave\resources\bets.temp' is opened by 9616@DESKTOP-R59AO6Q

[2020-10-19 19:02:00 #3 store] 
Configuration path: ?

[2020-10-19 19:02:00 #4 type] 
Type domain.Question is not enhanced.

[2020-10-19 19:02:00 #5 type] 
Type domain.Event is not enhanced.

[2020-10-19 19:02:00 #6 type] 
Type domain.Prediction is not enhanced.

[2020-10-19 19:02:00 #7 type] 
Type domain.Competition is not enhanced.

------------------------------------------------------------------------------------------------------------------------

[2020-10-19 19:06:56 #1 store] 
Database 'D:\eclipseWorkspace\BetAndRuinMave\resources\bets.temp' has been recovered (tr. 37-42)

[2020-10-19 19:06:56 #2 store] 
Database 'D:\eclipseWorkspace\BetAndRuinMave\resources\bets.temp' is opened by 15708@DESKTOP-R59AO6Q

[2020-10-19 19:06:56 #3 store] 
Configuration path: ?

[2020-10-19 19:06:56 #4 type] 
Type domain.Question is not enhanced.

[2020-10-19 19:06:56 #5 type] 
Type domain.Event is not enhanced.

[2020-10-19 19:06:56 #6 type] 
Type domain.Prediction is not enhanced.

[2020-10-19 19:06:56 #7 type] 
Type domain.Competition is not enhanced.

------------------------------------------------------------------------------------------------------------------------

[2020-10-19 19:06:59 #1 store] 
Database 'D:\eclipseWorkspace\BetAndRuinMave\resources\bets.temp' has been recovered (tr. 43-48)

[2020-10-19 19:06:59 #2 store] 
Database 'D:\eclipseWorkspace\BetAndRuinMave\resources\bets.temp' is opened by 2464@DESKTOP-R59AO6Q

[2020-10-19 19:06:59 #3 store] 
Configuration path: ?

[2020-10-19 19:07:00 #4 type] 
Type domain.Question is not enhanced.

[2020-10-19 19:07:00 #5 type] 
Type domain.Event is not enhanced.

[2020-10-19 19:07:00 #6 type] 
Type domain.Prediction is not enhanced.

[2020-10-19 19:07:00 #7 type] 
Type domain.Competition is not enhanced.

------------------------------------------------------------------------------------------------------------------------

[2020-10-19 19:16:15 #1 store] 
Database 'D:\eclipseWorkspace\BetAndRuinMave\resources\bets.temp' is opened by 4624@DESKTOP-R59AO6Q

[2020-10-19 19:16:15 #2 store] 
Configuration path: ?

[2020-10-19 19:16:15 #3 type] 
Type domain.Event is not enhanced.

[2020-10-19 19:16:15 #4 type] 
Type domain.Question is not enhanced.

[2020-10-19 19:16:15 #5 type] 
Type domain.Competition is not enhanced.

[2020-10-19 19:16:15 #6 type] 
Type domain.Prediction is not enhanced.

[2020-10-19 19:16:19 #7 type] 
Type domain.User is not enhanced.

[2020-10-19 19:16:19 #8 type] 
Type domain.CreditCard is not enhanced.

[2020-10-19 19:16:19 #9 type] 
Type domain.Bet is not enhanced.

[2020-10-19 19:16:19 #10 type] 
Type domain.Profile is not enhanced.

------------------------------------------------------------------------------------------------------------------------

[2020-10-19 19:17:37 #1 store] 
Database 'D:\eclipseWorkspace\BetAndRuinMave\resources\bets.temp' is opened by 1876@DESKTOP-R59AO6Q

[2020-10-19 19:17:37 #2 store] 
Configuration path: ?

[2020-10-19 19:17:38 #3 type] 
Type domain.Event is not enhanced.

[2020-10-19 19:17:38 #4 type] 
Type domain.Question is not enhanced.

[2020-10-19 19:17:38 #5 type] 
Type domain.Competition is not enhanced.

[2020-10-19 19:17:38 #6 type] 
Type domain.Prediction is not enhanced.

[2020-10-19 19:17:42 #7 type] 
Type domain.User is not enhanced.

[2020-10-19 19:17:42 #8 type] 
Type domain.CreditCard is not enhanced.

[2020-10-19 19:17:42 #9 type] 
Type domain.Bet is not enhanced.

[2020-10-19 19:17:42 #10 type] 
Type domain.Profile is not enhanced.

------------------------------------------------------------------------------------------------------------------------

[2020-10-19 19:19:16 #1 store] 
Database 'D:\eclipseWorkspace\BetAndRuinMave\resources\bets.temp' is opened by 1224@DESKTOP-R59AO6Q

[2020-10-19 19:19:16 #2 store] 
Configuration path: ?

[2020-10-19 19:19:16 #3 type] 
Type domain.Event is not enhanced.

[2020-10-19 19:19:16 #4 type] 
Type domain.Question is not enhanced.

[2020-10-19 19:19:16 #5 type] 
Type domain.Competition is not enhanced.

[2020-10-19 19:19:16 #6 type] 
Type domain.Prediction is not enhanced.

[2020-10-19 19:19:20 #7 type] 
Type domain.User is not enhanced.

[2020-10-19 19:19:20 #8 type] 
Type domain.CreditCard is not enhanced.

[2020-10-19 19:19:20 #9 type] 
Type domain.Bet is not enhanced.

[2020-10-19 19:19:20 #10 type] 
Type domain.Profile is not enhanced.

------------------------------------------------------------------------------------------------------------------------

[2020-10-19 19:19:53 #1 store] 
Database 'D:\eclipseWorkspace\BetAndRuinMave\resources\bets.temp' is opened by 3432@DESKTOP-R59AO6Q

[2020-10-19 19:19:53 #2 store] 
Configuration path: ?

[2020-10-19 19:19:53 #3 type] 
Type domain.Event is not enhanced.

[2020-10-19 19:19:53 #4 type] 
Type domain.Question is not enhanced.

[2020-10-19 19:19:53 #5 type] 
Type domain.Competition is not enhanced.

[2020-10-19 19:19:53 #6 type] 
Type domain.Prediction is not enhanced.

[2020-10-19 19:19:57 #7 type] 
Type domain.User is not enhanced.

[2020-10-19 19:19:57 #8 type] 
Type domain.CreditCard is not enhanced.

[2020-10-19 19:19:57 #9 type] 
Type domain.Bet is not enhanced.

[2020-10-19 19:19:57 #10 type] 
Type domain.Profile is not enhanced.

------------------------------------------------------------------------------------------------------------------------

[2020-10-19 19:20:27 #1 store] 
Database 'D:\eclipseWorkspace\BetAndRuinMave\resources\bets.temp' is opened by 12992@DESKTOP-R59AO6Q

[2020-10-19 19:20:27 #2 store] 
Configuration path: ?

[2020-10-19 19:20:28 #3 type] 
Type domain.Event is not enhanced.

[2020-10-19 19:20:28 #4 type] 
Type domain.Question is not enhanced.

[2020-10-19 19:20:28 #5 type] 
Type domain.Competition is not enhanced.

[2020-10-19 19:20:28 #6 type] 
Type domain.Prediction is not enhanced.

[2020-10-19 19:20:32 #7 type] 
Type domain.User is not enhanced.

[2020-10-19 19:20:32 #8 type] 
Type domain.CreditCard is not enhanced.

[2020-10-19 19:20:32 #9 type] 
Type domain.Bet is not enhanced.

[2020-10-19 19:20:32 #10 type] 
Type domain.Profile is not enhanced.

------------------------------------------------------------------------------------------------------------------------

[2020-10-19 19:20:45 #1 store] 
Database 'D:\eclipseWorkspace\BetAndRuinMave\resources\bets.temp' is opened by 13928@DESKTOP-R59AO6Q

[2020-10-19 19:20:45 #2 store] 
Configuration path: ?

[2020-10-19 19:20:45 #3 type] 
Type domain.Event is not enhanced.

[2020-10-19 19:20:45 #4 type] 
Type domain.Question is not enhanced.

[2020-10-19 19:20:45 #5 type] 
Type domain.Competition is not enhanced.

[2020-10-19 19:20:45 #6 type] 
Type domain.Prediction is not enhanced.

[2020-10-19 19:20:50 #7 type] 
Type domain.User is not enhanced.

[2020-10-19 19:20:50 #8 type] 
Type domain.CreditCard is not enhanced.

[2020-10-19 19:20:50 #9 type] 
Type domain.Bet is not enhanced.

[2020-10-19 19:20:50 #10 type] 
Type domain.Profile is not enhanced.

------------------------------------------------------------------------------------------------------------------------

[2020-10-19 19:22:52 #1 store] 
Database 'D:\eclipseWorkspace\BetAndRuinMave\resources\bets.temp' is opened by 4000@DESKTOP-R59AO6Q

[2020-10-19 19:22:52 #2 store] 
Configuration path: ?

[2020-10-19 19:22:52 #3 type] 
Type domain.Event is not enhanced.

[2020-10-19 19:22:52 #4 type] 
Type domain.Question is not enhanced.

[2020-10-19 19:22:52 #5 type] 
Type domain.Competition is not enhanced.

[2020-10-19 19:22:52 #6 type] 
Type domain.Prediction is not enhanced.

[2020-10-19 19:22:56 #7 type] 
Type domain.User is not enhanced.

[2020-10-19 19:22:56 #8 type] 
Type domain.CreditCard is not enhanced.

[2020-10-19 19:22:56 #9 type] 
Type domain.Bet is not enhanced.

[2020-10-19 19:22:56 #10 type] 
Type domain.Profile is not enhanced.

------------------------------------------------------------------------------------------------------------------------

[2020-10-19 19:26:48 #1 store] 
Database 'D:\eclipseWorkspace\BetAndRuinMave\resources\bets.temp' is opened by 13608@DESKTOP-R59AO6Q

[2020-10-19 19:26:48 #2 store] 
Configuration path: ?

[2020-10-19 19:26:49 #3 type] 
Type domain.Event is not enhanced.

[2020-10-19 19:26:49 #4 type] 
Type domain.Question is not enhanced.

[2020-10-19 19:26:49 #5 type] 
Type domain.Competition is not enhanced.

[2020-10-19 19:26:49 #6 type] 
Type domain.Prediction is not enhanced.

[2020-10-19 19:26:53 #7 type] 
Type domain.User is not enhanced.

[2020-10-19 19:26:53 #8 type] 
Type domain.CreditCard is not enhanced.

[2020-10-19 19:26:53 #9 type] 
Type domain.Bet is not enhanced.

[2020-10-19 19:26:53 #10 type] 
Type domain.Profile is not enhanced.

------------------------------------------------------------------------------------------------------------------------

[2020-10-19 19:27:04 #1 store] 
Database 'D:\eclipseWorkspace\BetAndRuinMave\resources\bets.temp' is opened by 6184@DESKTOP-R59AO6Q

[2020-10-19 19:27:04 #2 store] 
Configuration path: ?

[2020-10-19 19:27:04 #3 type] 
Type domain.Event is not enhanced.

[2020-10-19 19:27:04 #4 type] 
Type domain.Question is not enhanced.

[2020-10-19 19:27:04 #5 type] 
Type domain.Competition is not enhanced.

[2020-10-19 19:27:04 #6 type] 
Type domain.Prediction is not enhanced.

[2020-10-19 19:27:08 #7 type] 
Type domain.User is not enhanced.

[2020-10-19 19:27:08 #8 type] 
Type domain.CreditCard is not enhanced.

[2020-10-19 19:27:08 #9 type] 
Type domain.Bet is not enhanced.

[2020-10-19 19:27:08 #10 type] 
Type domain.Profile is not enhanced.

------------------------------------------------------------------------------------------------------------------------

[2020-10-19 19:28:45 #1 store] 
Database 'D:\eclipseWorkspace\BetAndRuinMave\resources\bets.temp' is opened by 11988@DESKTOP-R59AO6Q

[2020-10-19 19:28:45 #2 store] 
Configuration path: ?

[2020-10-19 19:28:45 #3 type] 
Type domain.Event is not enhanced.

[2020-10-19 19:28:45 #4 type] 
Type domain.Question is not enhanced.

[2020-10-19 19:28:45 #5 type] 
Type domain.Competition is not enhanced.

[2020-10-19 19:28:45 #6 type] 
Type domain.Prediction is not enhanced.

[2020-10-19 19:28:49 #7 type] 
Type domain.User is not enhanced.

[2020-10-19 19:28:49 #8 type] 
Type domain.CreditCard is not enhanced.

[2020-10-19 19:28:49 #9 type] 
Type domain.Bet is not enhanced.

[2020-10-19 19:28:49 #10 type] 
Type domain.Profile is not enhanced.

------------------------------------------------------------------------------------------------------------------------

[2020-10-19 19:36:38 #1 store] 
Database 'D:\eclipseWorkspace\BetAndRuinMave\resources\bets.temp' is opened by 6072@DESKTOP-R59AO6Q

[2020-10-19 19:36:38 #2 store] 
Configuration path: ?

[2020-10-19 19:36:38 #3 type] 
Type domain.Event is not enhanced.

[2020-10-19 19:36:38 #4 type] 
Type domain.Question is not enhanced.

[2020-10-19 19:36:38 #5 type] 
Type domain.Competition is not enhanced.

[2020-10-19 19:36:38 #6 type] 
Type domain.Prediction is not enhanced.

[2020-10-19 19:36:42 #7 type] 
Type domain.User is not enhanced.

[2020-10-19 19:36:42 #8 type] 
Type domain.CreditCard is not enhanced.

[2020-10-19 19:36:42 #9 type] 
Type domain.Bet is not enhanced.

[2020-10-19 19:36:42 #10 type] 
Type domain.Profile is not enhanced.

------------------------------------------------------------------------------------------------------------------------

[2020-10-19 19:43:24 #1 store] 
Database 'D:\eclipseWorkspace\BetAndRuinMave\resources\bets.temp' is opened by 15432@DESKTOP-R59AO6Q

[2020-10-19 19:43:24 #2 store] 
Configuration path: ?

[2020-10-19 19:43:24 #3 type] 
Type domain.Question is not enhanced.

[2020-10-19 19:43:24 #4 type] 
Type domain.Event is not enhanced.

[2020-10-19 19:43:24 #5 type] 
Type domain.Prediction is not enhanced.

[2020-10-19 19:43:24 #6 type] 
Type domain.Competition is not enhanced.

------------------------------------------------------------------------------------------------------------------------

[2020-10-19 19:43:48 #1 store] 
Database 'D:\eclipseWorkspace\BetAndRuinMave\resources\bets.temp' is opened by 14196@DESKTOP-R59AO6Q

[2020-10-19 19:43:48 #2 store] 
Configuration path: ?

[2020-10-19 19:43:48 #3 type] 
Type domain.Question is not enhanced.

[2020-10-19 19:43:48 #4 type] 
Type domain.Event is not enhanced.

[2020-10-19 19:43:48 #5 type] 
Type domain.Prediction is not enhanced.

[2020-10-19 19:43:48 #6 type] 
Type domain.Competition is not enhanced.

------------------------------------------------------------------------------------------------------------------------

[2020-10-19 19:44:11 #1 store] 
Database 'D:\eclipseWorkspace\BetAndRuinMave\resources\bets.temp' is opened by 5624@DESKTOP-R59AO6Q

[2020-10-19 19:44:11 #2 store] 
Configuration path: ?

[2020-10-19 19:44:11 #3 type] 
Type domain.Question is not enhanced.

[2020-10-19 19:44:11 #4 type] 
Type domain.Event is not enhanced.

[2020-10-19 19:44:11 #5 type] 
Type domain.Prediction is not enhanced.

[2020-10-19 19:44:11 #6 type] 
Type domain.Competition is not enhanced.

------------------------------------------------------------------------------------------------------------------------

[2020-10-19 20:05:15 #1 store] 
Database 'D:\eclipseWorkspace\BetAndRuinMave\resources\bets.temp' is opened by 1352@DESKTOP-R59AO6Q

[2020-10-19 20:05:15 #2 store] 
Configuration path: ?

[2020-10-19 20:05:15 #3 type] 
Type domain.Question is not enhanced.

[2020-10-19 20:05:15 #4 type] 
Type domain.Event is not enhanced.

[2020-10-19 20:05:15 #5 type] 
Type domain.Prediction is not enhanced.

[2020-10-19 20:05:15 #6 type] 
Type domain.Competition is not enhanced.

------------------------------------------------------------------------------------------------------------------------

[2020-10-19 21:08:12 #1 store] 
Database 'D:\eclipseWorkspace\BetAndRuinMave\resources\bets.temp' is opened by 5904@DESKTOP-R59AO6Q

[2020-10-19 21:08:12 #2 store] 
Configuration path: ?

[2020-10-19 21:08:13 #3 type] 
Type domain.Event is not enhanced.

[2020-10-19 21:08:13 #4 type] 
Type domain.Question is not enhanced.

[2020-10-19 21:08:13 #5 type] 
Type domain.Competition is not enhanced.

[2020-10-19 21:08:13 #6 type] 
Type domain.Prediction is not enhanced.

------------------------------------------------------------------------------------------------------------------------

[2020-10-19 21:43:40 #1 store] 
Database 'D:\eclipseWorkspace\BetAndRuinMave\resources\bets.temp' is opened by 5048@DESKTOP-R59AO6Q

[2020-10-19 21:43:40 #2 store] 
Configuration path: ?

[2020-10-19 21:43:40 #3 type] 
Type domain.Event is not enhanced.

[2020-10-19 21:43:40 #4 type] 
Type domain.Question is not enhanced.

[2020-10-19 21:43:40 #5 type] 
Type domain.Competition is not enhanced.

[2020-10-19 21:43:40 #6 type] 
Type domain.Prediction is not enhanced.

[2020-10-19 21:43:44 #7 type] 
Type domain.User is not enhanced.

[2020-10-19 21:43:44 #8 type] 
Type domain.CreditCard is not enhanced.

[2020-10-19 21:43:44 #9 type] 
Type domain.Bet is not enhanced.

[2020-10-19 21:43:44 #10 type] 
Type domain.Profile is not enhanced.

------------------------------------------------------------------------------------------------------------------------

[2020-10-19 21:44:15 #1 store] 
Database 'D:\eclipseWorkspace\BetAndRuinMave\resources\bets.temp' is opened by 7360@DESKTOP-R59AO6Q

[2020-10-19 21:44:15 #2 store] 
Configuration path: ?

[2020-10-19 21:44:15 #3 type] 
Type domain.Event is not enhanced.

[2020-10-19 21:44:15 #4 type] 
Type domain.Question is not enhanced.

[2020-10-19 21:44:15 #5 type] 
Type domain.Competition is not enhanced.

[2020-10-19 21:44:15 #6 type] 
Type domain.Prediction is not enhanced.

